|--- feature_4 <= 14.91
|   |--- feature_2 <= 0.50
|   |   |--- feature_0 <= 52.00
|   |   |   |--- feature_4 <= 13.64
|   |   |   |   |--- class: 1
|   |   |   |--- feature_4 >  13.64
|   |   |   |   |--- feature_4 <= 13.97
|   |   |   |   |   |--- class: 0
|   |   |   |   |--- feature_4 >  13.97
|   |   |   |   |   |--- class: 1
|   |   |--- feature_0 >  52.00
|   |   |   |--- class: 2
|   |--- feature_2 >  0.50
|   |   |--- feature_3 <= 0.50
|   |   |   |--- feature_2 <= 1.50
|   |   |   |   |--- class: 3
|   |   |   |--- feature_2 >  1.50
|   |   |   |   |--- class: 4
|   |   |--- feature_3 >  0.50
|   |   |   |--- class: 4
|--- feature_4 >  14.91
|   |--- class: 0
